android/build/intermediates/manifest_merge_blame_file/debug/manifest-merger-blame-debug-report.txt
1<?xml version="1.0" encoding="utf-8"?>
2<manifest xmlns:android="http://schemas.android.com/apk/res/android"
3    package="mygdx.game"
4    android:versionCode="1"
5    android:versionName="1.0" >
6
7    <uses-sdk
8        android:minSdkVersion="14"
8-->gamecmt\android\AndroidManifest.xml
9        android:targetSdkVersion="29" />
9-->gamecmt\android\AndroidManifest.xml
10
11    <application
11-->gamecmt\android\AndroidManifest.xml:5:5-38:19
12        android:allowBackup="true"
12-->gamecmt\android\AndroidManifest.xml:6:9-35
13        android:appCategory="game"
13-->gamecmt\android\AndroidManifest.xml:9:9-35
14        android:appComponentFactory="androidx.core.app.CoreComponentFactory"
14-->[androidx.core:core:1.1.0-alpha02] AndroidManifest.xml:22:18-86
15        android:debuggable="true"
16        android:icon="@drawable/ic_launcher"
16-->gamecmt\android\AndroidManifest.xml:7:9-45
17        android:isGame="true"
17-->gamecmt\android\AndroidManifest.xml:8:9-30
18        android:label="@string/app_name"
18-->gamecmt\android\AndroidManifest.xml:10:9-41
19        android:testOnly="true"
20        android:theme="@style/Theme.AppCompat" >
20-->gamecmt\android\AndroidManifest.xml:11:9-47
21        <activity
21-->gamecmt\android\AndroidManifest.xml:12:9-21:20
22            android:name="mygdx.game.AndroidLauncher"
22-->gamecmt\android\AndroidManifest.xml:13:13-54
23            android:configChanges="keyboard|keyboardHidden|navigation|orientation|screenSize|screenLayout"
23-->gamecmt\android\AndroidManifest.xml:17:13-107
24            android:label="@string/app_name"
24-->gamecmt\android\AndroidManifest.xml:14:13-45
25            android:screenOrientation="portrait"
25-->gamecmt\android\AndroidManifest.xml:16:13-49
26            android:theme="@style/GdxTheme" >
26-->gamecmt\android\AndroidManifest.xml:15:13-44
27            <intent-filter>
27-->gamecmt\android\AndroidManifest.xml:18:13-20:29
28                <category android:name="android.intent.category.LAUNCHER" />
28-->gamecmt\android\AndroidManifest.xml:19:17-77
28-->gamecmt\android\AndroidManifest.xml:19:27-74
29            </intent-filter>
30        </activity>
31        <activity
31-->gamecmt\android\AndroidManifest.xml:22:9-30:20
32            android:name="mygdx.game.MainActivity"
32-->gamecmt\android\AndroidManifest.xml:23:13-41
33            android:screenOrientation="portrait" >
33-->gamecmt\android\AndroidManifest.xml:24:13-49
34            <intent-filter>
34-->gamecmt\android\AndroidManifest.xml:25:13-29:29
35                <action android:name="android.intent.action.MAIN" />
35-->gamecmt\android\AndroidManifest.xml:26:17-69
35-->gamecmt\android\AndroidManifest.xml:26:25-66
36
37                <category android:name="android.intent.category.LAUNCHER" />
37-->gamecmt\android\AndroidManifest.xml:19:17-77
37-->gamecmt\android\AndroidManifest.xml:19:27-74
38            </intent-filter>
39        </activity>
40        <activity
40-->gamecmt\android\AndroidManifest.xml:31:9-37:20
41            android:name="mygdx.game.Options"
41-->gamecmt\android\AndroidManifest.xml:32:13-36
42            android:screenOrientation="portrait" >
42-->gamecmt\android\AndroidManifest.xml:33:13-49
43            <intent-filter>
43-->gamecmt\android\AndroidManifest.xml:18:13-20:29
44                <category android:name="android.intent.category.LAUNCHER" />
44-->gamecmt\android\AndroidManifest.xml:19:17-77
44-->gamecmt\android\AndroidManifest.xml:19:27-74
45            </intent-filter>
46        </activity>
47    </application>
48
49</manifest>